0 info it worked if it ends with ok
1 verbose cli [ '/usr/bin/node', '/usr/bin/npm', 'install', 'debugger' ]
2 info using npm@1.2.18
3 info using node@v0.10.4
4 verbose node symlink /usr/bin/node
5 verbose read json /home/heynemann/dev/sandbox/node/pq/package.json
6 warn package.json pq@0.1.0 No README.md file found!
7 verbose read json /home/heynemann/dev/sandbox/node/pq/node_modules/coffee-script/package.json
8 verbose read json /home/heynemann/dev/sandbox/node/pq/node_modules/jscoverage/package.json
9 verbose read json /home/heynemann/dev/sandbox/node/pq/node_modules/vows/package.json
10 verbose from cache /home/heynemann/dev/sandbox/node/pq/package.json
11 verbose readDependencies using package.json deps
12 verbose cache add [ 'debugger', null ]
13 verbose cache add name=undefined spec="debugger" args=["debugger",null]
14 verbose parsed url { protocol: null,
14 verbose parsed url   slashes: null,
14 verbose parsed url   auth: null,
14 verbose parsed url   host: null,
14 verbose parsed url   port: null,
14 verbose parsed url   hostname: null,
14 verbose parsed url   hash: null,
14 verbose parsed url   search: null,
14 verbose parsed url   query: null,
14 verbose parsed url   pathname: 'debugger',
14 verbose parsed url   path: 'debugger',
14 verbose parsed url   href: 'debugger' }
15 silly lockFile 5fbd0224-debugger debugger
16 verbose lock debugger /home/heynemann/.npm/5fbd0224-debugger.lock
17 silly lockFile 5fbd0224-debugger debugger
18 silly lockFile 5fbd0224-debugger debugger
19 verbose addNamed [ 'debugger', '' ]
20 verbose addNamed [ null, '' ]
21 silly lockFile 39562f7d-debugger debugger@
22 verbose lock debugger@ /home/heynemann/.npm/39562f7d-debugger.lock
23 silly addNameRange { name: 'debugger', range: '', hasData: false }
24 verbose url raw debugger
25 verbose url resolving [ 'https://registry.npmjs.org/', './debugger' ]
26 verbose url resolved https://registry.npmjs.org/debugger
27 info trying registry request attempt 1 at 21:39:56
28 http GET https://registry.npmjs.org/debugger
29 http 200 https://registry.npmjs.org/debugger
30 silly registry.get cb [ 200,
30 silly registry.get   { vary: 'Accept',
30 silly registry.get     server: 'CouchDB/1.3.0 (Erlang OTP/R15B03)',
30 silly registry.get     etag: '"3MS4QI0S8V2UM1ED7I7NCJ9OE"',
30 silly registry.get     date: 'Thu, 18 Apr 2013 00:41:01 GMT',
30 silly registry.get     'content-type': 'application/json',
30 silly registry.get     'content-length': '1378' } ]
31 silly addNameRange number 2 { name: 'debugger', range: '', hasData: true }
32 silly addNameRange versions [ 'debugger', [ '0.0.1' ] ]
33 verbose addNamed [ 'debugger', '0.0.1' ]
34 verbose addNamed [ '0.0.1', '0.0.1' ]
35 silly lockFile 9ee98e34-debugger-0-0-1 debugger@0.0.1
36 verbose lock debugger@0.0.1 /home/heynemann/.npm/9ee98e34-debugger-0-0-1.lock
37 silly lockFile 19e63b5c--org-debugger-debugger-0-0-1-tgz https://registry.npmjs.org/debugger/-/debugger-0.0.1.tgz
38 verbose lock https://registry.npmjs.org/debugger/-/debugger-0.0.1.tgz /home/heynemann/.npm/19e63b5c--org-debugger-debugger-0-0-1-tgz.lock
39 verbose addRemoteTarball [ 'https://registry.npmjs.org/debugger/-/debugger-0.0.1.tgz',
39 verbose addRemoteTarball   'ceedd094bb5e203bb534fd74a33132dfb7a73787' ]
40 info retry fetch attempt 1 at 21:40:10
41 verbose fetch to= /home/heynemann/tmp/npm-15099/1366245610056-0.7103343771304935/tmp.tgz
42 http GET https://registry.npmjs.org/debugger/-/debugger-0.0.1.tgz
43 http 200 https://registry.npmjs.org/debugger/-/debugger-0.0.1.tgz
44 silly shasum updated bytes 2139
45 info shasum ceedd094bb5e203bb534fd74a33132dfb7a73787
45 info shasum /home/heynemann/tmp/npm-15099/1366245610056-0.7103343771304935/tmp.tgz
46 verbose tar unpack /home/heynemann/tmp/npm-15099/1366245610056-0.7103343771304935/tmp.tgz
47 silly lockFile bd51b91d-10056-0-7103343771304935-package /home/heynemann/tmp/npm-15099/1366245610056-0.7103343771304935/package
48 verbose lock /home/heynemann/tmp/npm-15099/1366245610056-0.7103343771304935/package /home/heynemann/.npm/bd51b91d-10056-0-7103343771304935-package.lock
49 silly lockFile d8c26c0c-10056-0-7103343771304935-tmp-tgz /home/heynemann/tmp/npm-15099/1366245610056-0.7103343771304935/tmp.tgz
50 verbose lock /home/heynemann/tmp/npm-15099/1366245610056-0.7103343771304935/tmp.tgz /home/heynemann/.npm/d8c26c0c-10056-0-7103343771304935-tmp-tgz.lock
51 silly gunzTarPerm modes [ '755', '644' ]
52 silly gunzTarPerm extractEntry .npmignore
53 silly gunzTarPerm extractEntry debugger.js
54 silly gunzTarPerm extractEntry Makefile
55 silly gunzTarPerm extractEntry package.json
56 silly gunzTarPerm extractEntry README.md
57 silly gunzTarPerm extractEntry spec/
58 silly gunzTarPerm extractEntry spec/debugger.spec.js
59 silly gunzTarPerm extractEntry src/
60 silly gunzTarPerm extractEntry src/bindings.cc
61 silly gunzTarPerm extractEntry src/debugger.cc
62 silly gunzTarPerm extractEntry src/debugger.h
63 silly gunzTarPerm extractEntry src/wscript
64 silly gunzTarPerm extractEntry wscript
65 verbose read json /home/heynemann/tmp/npm-15099/1366245610056-0.7103343771304935/package/package.json
66 silly lockFile bd51b91d-10056-0-7103343771304935-package /home/heynemann/tmp/npm-15099/1366245610056-0.7103343771304935/package
67 silly lockFile bd51b91d-10056-0-7103343771304935-package /home/heynemann/tmp/npm-15099/1366245610056-0.7103343771304935/package
68 silly lockFile d8c26c0c-10056-0-7103343771304935-tmp-tgz /home/heynemann/tmp/npm-15099/1366245610056-0.7103343771304935/tmp.tgz
69 silly lockFile d8c26c0c-10056-0-7103343771304935-tmp-tgz /home/heynemann/tmp/npm-15099/1366245610056-0.7103343771304935/tmp.tgz
70 verbose from cache /home/heynemann/tmp/npm-15099/1366245610056-0.7103343771304935/package/package.json
71 verbose tar pack [ '/home/heynemann/.npm/debugger/0.0.1/package.tgz',
71 verbose tar pack   '/home/heynemann/tmp/npm-15099/1366245610056-0.7103343771304935/package' ]
72 verbose tarball /home/heynemann/.npm/debugger/0.0.1/package.tgz
73 verbose folder /home/heynemann/tmp/npm-15099/1366245610056-0.7103343771304935/package
74 silly lockFile bd51b91d-10056-0-7103343771304935-package /home/heynemann/tmp/npm-15099/1366245610056-0.7103343771304935/package
75 verbose lock /home/heynemann/tmp/npm-15099/1366245610056-0.7103343771304935/package /home/heynemann/.npm/bd51b91d-10056-0-7103343771304935-package.lock
76 silly lockFile 9fa0bd36-n-npm-debugger-0-0-1-package-tgz /home/heynemann/.npm/debugger/0.0.1/package.tgz
77 verbose lock /home/heynemann/.npm/debugger/0.0.1/package.tgz /home/heynemann/.npm/9fa0bd36-n-npm-debugger-0-0-1-package-tgz.lock
78 silly lockFile bd51b91d-10056-0-7103343771304935-package /home/heynemann/tmp/npm-15099/1366245610056-0.7103343771304935/package
79 silly lockFile bd51b91d-10056-0-7103343771304935-package /home/heynemann/tmp/npm-15099/1366245610056-0.7103343771304935/package
80 silly lockFile 9fa0bd36-n-npm-debugger-0-0-1-package-tgz /home/heynemann/.npm/debugger/0.0.1/package.tgz
81 silly lockFile 9fa0bd36-n-npm-debugger-0-0-1-package-tgz /home/heynemann/.npm/debugger/0.0.1/package.tgz
82 silly lockFile 1f23d9ad-emann-npm-debugger-0-0-1-package /home/heynemann/.npm/debugger/0.0.1/package
83 verbose lock /home/heynemann/.npm/debugger/0.0.1/package /home/heynemann/.npm/1f23d9ad-emann-npm-debugger-0-0-1-package.lock
84 silly lockFile 1f23d9ad-emann-npm-debugger-0-0-1-package /home/heynemann/.npm/debugger/0.0.1/package
85 silly lockFile 1f23d9ad-emann-npm-debugger-0-0-1-package /home/heynemann/.npm/debugger/0.0.1/package
86 verbose tar unpack /home/heynemann/.npm/debugger/0.0.1/package.tgz
87 silly lockFile 1f23d9ad-emann-npm-debugger-0-0-1-package /home/heynemann/.npm/debugger/0.0.1/package
88 verbose lock /home/heynemann/.npm/debugger/0.0.1/package /home/heynemann/.npm/1f23d9ad-emann-npm-debugger-0-0-1-package.lock
89 silly lockFile 9fa0bd36-n-npm-debugger-0-0-1-package-tgz /home/heynemann/.npm/debugger/0.0.1/package.tgz
90 verbose lock /home/heynemann/.npm/debugger/0.0.1/package.tgz /home/heynemann/.npm/9fa0bd36-n-npm-debugger-0-0-1-package-tgz.lock
91 silly gunzTarPerm modes [ '755', '644' ]
92 silly gunzTarPerm extractEntry package.json
93 silly gunzTarPerm extractEntry .npmignore
94 silly gunzTarPerm extractEntry README.md
95 silly gunzTarPerm extractEntry debugger.js
96 silly gunzTarPerm extractEntry Makefile
97 silly gunzTarPerm extractEntry spec/debugger.spec.js
98 silly gunzTarPerm extractEntry src/bindings.cc
99 silly gunzTarPerm extractEntry src/debugger.cc
100 silly gunzTarPerm extractEntry src/debugger.h
101 silly gunzTarPerm extractEntry src/wscript
102 silly gunzTarPerm extractEntry wscript
103 verbose read json /home/heynemann/.npm/debugger/0.0.1/package/package.json
104 silly lockFile 1f23d9ad-emann-npm-debugger-0-0-1-package /home/heynemann/.npm/debugger/0.0.1/package
105 silly lockFile 1f23d9ad-emann-npm-debugger-0-0-1-package /home/heynemann/.npm/debugger/0.0.1/package
106 silly lockFile 9fa0bd36-n-npm-debugger-0-0-1-package-tgz /home/heynemann/.npm/debugger/0.0.1/package.tgz
107 silly lockFile 9fa0bd36-n-npm-debugger-0-0-1-package-tgz /home/heynemann/.npm/debugger/0.0.1/package.tgz
108 silly shasum updated bytes 2085
109 info shasum 8b63eadb129a95d1e8229479a43696385b6689ab
109 info shasum /home/heynemann/.npm/debugger/0.0.1/package.tgz
110 verbose from cache /home/heynemann/.npm/debugger/0.0.1/package/package.json
111 verbose chmod /home/heynemann/.npm/debugger/0.0.1/package.tgz 644
112 verbose chown /home/heynemann/.npm/debugger/0.0.1/package.tgz [ 1000, 1000 ]
113 silly lockFile 19e63b5c--org-debugger-debugger-0-0-1-tgz https://registry.npmjs.org/debugger/-/debugger-0.0.1.tgz
114 silly lockFile 19e63b5c--org-debugger-debugger-0-0-1-tgz https://registry.npmjs.org/debugger/-/debugger-0.0.1.tgz
115 silly lockFile 9ee98e34-debugger-0-0-1 debugger@0.0.1
116 silly lockFile 9ee98e34-debugger-0-0-1 debugger@0.0.1
117 silly lockFile 39562f7d-debugger debugger@
118 silly lockFile 39562f7d-debugger debugger@
119 silly resolved [ { name: 'debugger',
119 silly resolved     version: '0.0.1',
119 silly resolved     author: { name: 'Camilo Aguilar - http://github.com/c4milo' },
119 silly resolved     email: 'camilo@cloudescape.com',
119 silly resolved     description: 'v8 debug bindings for nodejs',
119 silly resolved     repositories: [ [Object] ],
119 silly resolved     devDependencies: { mocha: '0.14.1', should: '0.6.0' },
119 silly resolved     scripts: { install: 'make' },
119 silly resolved     main: './debugger.node',
119 silly resolved     readme: '**Work in Progress**\n',
119 silly resolved     readmeFilename: 'README.md',
119 silly resolved     _id: 'debugger@0.0.1',
119 silly resolved     dist: { shasum: '8b63eadb129a95d1e8229479a43696385b6689ab' },
119 silly resolved     _from: 'debugger@',
119 silly resolved     _resolved: 'https://registry.npmjs.org/debugger/-/debugger-0.0.1.tgz' } ]
120 info install debugger@0.0.1 into /home/heynemann/dev/sandbox/node/pq
121 info installOne debugger@0.0.1
122 verbose from cache /home/heynemann/.npm/debugger/0.0.1/package/package.json
123 info /home/heynemann/dev/sandbox/node/pq/node_modules/debugger unbuild
124 verbose read json /home/heynemann/dev/sandbox/node/pq/node_modules/debugger/package.json
125 verbose tar unpack /home/heynemann/.npm/debugger/0.0.1/package.tgz
126 silly lockFile 23eefc4c-ox-node-pq-node-modules-debugger /home/heynemann/dev/sandbox/node/pq/node_modules/debugger
127 verbose lock /home/heynemann/dev/sandbox/node/pq/node_modules/debugger /home/heynemann/.npm/23eefc4c-ox-node-pq-node-modules-debugger.lock
128 silly lockFile 9fa0bd36-n-npm-debugger-0-0-1-package-tgz /home/heynemann/.npm/debugger/0.0.1/package.tgz
129 verbose lock /home/heynemann/.npm/debugger/0.0.1/package.tgz /home/heynemann/.npm/9fa0bd36-n-npm-debugger-0-0-1-package-tgz.lock
130 silly gunzTarPerm modes [ '755', '644' ]
131 silly gunzTarPerm extractEntry package.json
132 silly gunzTarPerm extractEntry .npmignore
133 silly gunzTarPerm extractEntry README.md
134 silly gunzTarPerm extractEntry debugger.js
135 silly gunzTarPerm extractEntry Makefile
136 silly gunzTarPerm extractEntry spec/debugger.spec.js
137 silly gunzTarPerm extractEntry src/bindings.cc
138 silly gunzTarPerm extractEntry src/debugger.cc
139 silly gunzTarPerm extractEntry src/debugger.h
140 silly gunzTarPerm extractEntry src/wscript
141 silly gunzTarPerm extractEntry wscript
142 verbose read json /home/heynemann/dev/sandbox/node/pq/node_modules/debugger/package.json
143 silly lockFile 23eefc4c-ox-node-pq-node-modules-debugger /home/heynemann/dev/sandbox/node/pq/node_modules/debugger
144 silly lockFile 23eefc4c-ox-node-pq-node-modules-debugger /home/heynemann/dev/sandbox/node/pq/node_modules/debugger
145 silly lockFile 9fa0bd36-n-npm-debugger-0-0-1-package-tgz /home/heynemann/.npm/debugger/0.0.1/package.tgz
146 silly lockFile 9fa0bd36-n-npm-debugger-0-0-1-package-tgz /home/heynemann/.npm/debugger/0.0.1/package.tgz
147 info preinstall debugger@0.0.1
148 verbose from cache /home/heynemann/dev/sandbox/node/pq/node_modules/debugger/package.json
149 verbose readDependencies using package.json deps
150 verbose from cache /home/heynemann/dev/sandbox/node/pq/node_modules/debugger/package.json
151 verbose readDependencies using package.json deps
152 silly resolved []
153 verbose about to build /home/heynemann/dev/sandbox/node/pq/node_modules/debugger
154 info build /home/heynemann/dev/sandbox/node/pq/node_modules/debugger
155 verbose from cache /home/heynemann/dev/sandbox/node/pq/node_modules/debugger/package.json
156 verbose linkStuff [ false,
156 verbose linkStuff   false,
156 verbose linkStuff   false,
156 verbose linkStuff   '/home/heynemann/dev/sandbox/node/pq/node_modules' ]
157 info linkStuff debugger@0.0.1
158 verbose linkBins debugger@0.0.1
159 verbose linkMans debugger@0.0.1
160 verbose rebuildBundles debugger@0.0.1
161 info install debugger@0.0.1
162 verbose unsafe-perm in lifecycle true
163 silly exec sh "-c" "make"
164 silly sh,-c,make,/home/heynemann/dev/sandbox/node/pq/node_modules/debugger spawning
165 info debugger@0.0.1 Failed to exec install script
166 info /home/heynemann/dev/sandbox/node/pq/node_modules/debugger unbuild
167 verbose from cache /home/heynemann/dev/sandbox/node/pq/node_modules/debugger/package.json
168 info preuninstall debugger@0.0.1
169 info uninstall debugger@0.0.1
170 verbose true,/home/heynemann/dev/sandbox/node/pq/node_modules,/home/heynemann/dev/sandbox/node/pq/node_modules unbuild debugger@0.0.1
171 info postuninstall debugger@0.0.1
172 error debugger@0.0.1 install: `make`
172 error `sh "-c" "make"` failed with 2
173 error Failed at the debugger@0.0.1 install script.
173 error This is most likely a problem with the debugger package,
173 error not with npm itself.
173 error Tell the author that this fails on your system:
173 error     make
173 error You can get their info via:
173 error     npm owner ls debugger
173 error There is likely additional logging output above.
174 error System Linux 3.5.0-26-generic
175 error command "/usr/bin/node" "/usr/bin/npm" "install" "debugger"
176 error cwd /home/heynemann/dev/sandbox/node/pq
177 error node -v v0.10.4
178 error npm -v 1.2.18
179 error code ELIFECYCLE
180 verbose exit [ 1, true ]
